<?xml version="1.0" encoding="UTF-8"?>
<testng-results ignored="0" total="2" passed="2" failed="0" skipped="0">
  <reporter-output>
    <line>
      <![CDATA[No of rows are::9]]>
    </line>
    <line>
      <![CDATA[Login success]]>
    </line>
    <line>
      <![CDATA[Incorrect user ID or password]]>
    </line>
    <line>
      <![CDATA[Incorrect user ID or password]]>
    </line>
    <line>
      <![CDATA[Login success]]>
    </line>
    <line>
      <![CDATA[Login success]]>
    </line>
    <line>
      <![CDATA[Incorrect user ID or password]]>
    </line>
    <line>
      <![CDATA[Incorrect user ID or password]]>
    </line>
    <line>
      <![CDATA[Login success]]>
    </line>
    <line>
      <![CDATA[Incorrect user ID or password]]>
    </line>
    <line>
      <![CDATA[No of rows are::9]]>
    </line>
  </reporter-output>
  <suite started-at="2025-02-24T10:01:17 IST" name="Default suite" finished-at="2025-02-24T10:02:55 IST" duration-ms="98067">
    <groups>
    </groups>
    <test started-at="2025-02-24T10:01:17 IST" name="Default test" finished-at="2025-02-24T10:02:55 IST" duration-ms="98067">
      <class name="driverFactory.AppTest">
        <test-method is-config="true" signature="setUp()[pri:0, instance:driverFactory.AppTest@397fbdb]" started-at="2025-02-24T10:01:17 IST" name="setUp" finished-at="2025-02-24T10:01:21 IST" duration-ms="3487" status="PASS">
          <reporter-output>
          </reporter-output>
        </test-method> <!-- setUp -->
        <test-method signature="startTest()[pri:0, instance:driverFactory.AppTest@397fbdb]" started-at="2025-02-24T10:01:21 IST" name="startTest" finished-at="2025-02-24T10:02:16 IST" duration-ms="55695" status="PASS">
          <reporter-output>
            <line>
              <![CDATA[No of rows are::9]]>
            </line>
            <line>
              <![CDATA[Login success]]>
            </line>
            <line>
              <![CDATA[Incorrect user ID or password]]>
            </line>
            <line>
              <![CDATA[Incorrect user ID or password]]>
            </line>
            <line>
              <![CDATA[Login success]]>
            </line>
            <line>
              <![CDATA[Login success]]>
            </line>
            <line>
              <![CDATA[Incorrect user ID or password]]>
            </line>
            <line>
              <![CDATA[Incorrect user ID or password]]>
            </line>
            <line>
              <![CDATA[Login success]]>
            </line>
            <line>
              <![CDATA[Incorrect user ID or password]]>
            </line>
          </reporter-output>
        </test-method> <!-- startTest -->
        <test-method is-config="true" signature="tearDown()[pri:0, instance:driverFactory.AppTest@397fbdb]" started-at="2025-02-24T10:02:16 IST" name="tearDown" finished-at="2025-02-24T10:02:17 IST" duration-ms="347" status="PASS">
          <reporter-output>
          </reporter-output>
        </test-method> <!-- tearDown -->
        <test-method is-config="true" signature="setUp()[pri:0, instance:driverFactory.AppTest@397fbdb]" started-at="2025-02-24T10:02:17 IST" name="setUp" finished-at="2025-02-24T10:02:18 IST" duration-ms="1534" status="PASS">
          <reporter-output>
          </reporter-output>
        </test-method> <!-- setUp -->
        <test-method signature="InvalidLogin()[pri:1, instance:driverFactory.AppTest@397fbdb]" started-at="2025-02-24T10:02:18 IST" name="InvalidLogin" finished-at="2025-02-24T10:02:55 IST" duration-ms="36592" status="PASS">
          <reporter-output>
            <line>
              <![CDATA[No of rows are::9]]>
            </line>
          </reporter-output>
        </test-method> <!-- InvalidLogin -->
        <test-method is-config="true" signature="tearDown()[pri:0, instance:driverFactory.AppTest@397fbdb]" started-at="2025-02-24T10:02:55 IST" name="tearDown" finished-at="2025-02-24T10:02:55 IST" duration-ms="302" status="PASS">
          <reporter-output>
          </reporter-output>
        </test-method> <!-- tearDown -->
      </class> <!-- driverFactory.AppTest -->
    </test> <!-- Default test -->
  </suite> <!-- Default suite -->
</testng-results>
